Instalando o serviço DXM_Web...
Serviço DXM_Web foi instalado com êxito.
Criando a origem de EventLog DXM_Web no log Application...
Instalando o serviço DXM_Web...
Serviço DXM_Web foi instalado com êxito.
Criando a origem de EventLog DXM_Web no log Application...
Installing service DXM_Web...
Service DXM_Web has been successfully installed.
Creating EventLog source DXM_Web in log Application...
Installing service DXM_Web...
Service DXM_Web has been successfully installed.
Creating EventLog source DXM_Web in log Application...
Instalando o serviço DXM_Web...
Criando a origem de EventLog DXM_Web no log Application...
Instalando o serviço DXM_Web...
Serviço DXM_Web foi instalado com êxito.
Criando a origem de EventLog DXM_Web no log Application...
Instalando o serviço DXM_Web...
Criando a origem de EventLog DXM_Web no log Application...
Instalando o serviço DXM_Web...
Serviço DXM_Web foi instalado com êxito.
Criando a origem de EventLog DXM_Web no log Application...
Instalando o serviço DXM_Web...
Serviço DXM_Web foi instalado com êxito.
Criando a origem de EventLog DXM_Web no log Application...
Instalando o serviço DXM_Web...
Criando a origem de EventLog DXM_Web no log Application...
Instalando o serviço DXM_Web...
Serviço DXM_Web foi instalado com êxito.
Criando a origem de EventLog DXM_Web no log Application...
Instalando o serviço DXM_Web...
Serviço DXM_Web foi instalado com êxito.
Criando a origem de EventLog DXM_Web no log Application...
Instalando o serviço DXM_Web...
Criando a origem de EventLog DXM_Web no log Application...
Installing service DXM_Web...
Service DXM_Web has been successfully installed.
Creating EventLog source DXM_Web in log Application...
Installing service DXM_Web...
Service DXM_Web has been successfully installed.
Creating EventLog source DXM_Web in log Application...
Installing service DXM_Web...
Service DXM_Web has been successfully installed.
Creating EventLog source DXM_Web in log Application...
